This is pdfTeX, Version 3.1415926-1.40.10 (MiKTeX 2.8) (preloaded format=pdflatex 2010.3.16)  21 APR 2014 13:38
entering extended mode
**List*of*Shiny*Examples.tex
("F:\SHINY WORKSHOP 2014\List of Shiny Examples.tex"
LaTeX2e <2005/12/01>
Babel <v3.8l> and hyphenation patterns for english, dumylang, nohyphenation, ge
rman, ngerman, german-x-2009-06-19, ngerman-x-2009-06-19, french, loaded.
("C:\Program Files\Miktek\tex\latex\base\article.cls"
Document Class: article 2005/09/16 v1.4f Standard LaTeX document class
("C:\Program Files\Miktek\tex\latex\base\size12.clo"
File: size12.clo 2005/09/16 v1.4f Standard LaTeX file (size option)
)
\c@part=\count79
\c@section=\count80
\c@subsection=\count81
\c@subsubsection=\count82
\c@paragraph=\count83
\c@subparagraph=\count84
\c@figure=\count85
\c@table=\count86
\abovecaptionskip=\skip41
\belowcaptionskip=\skip42
\bibindent=\dimen102
)
("C:\Program Files\Miktek\tex\latex\ltxmisc\framed.sty"
Package: framed 2007/10/04 v 0.95: framed or shaded text with page breaks
\fb@frw=\dimen103
\fb@frh=\dimen104
\FrameRule=\dimen105
\FrameSep=\dimen106
)
("F:\SHINY WORKSHOP 2014\List of Shiny Examples.aux")
LaTeX Font Info:    Checking defaults for OML/cmm/m/it on input line 5.
LaTeX Font Info:    ... okay on input line 5.
LaTeX Font Info:    Checking defaults for T1/cmr/m/n on input line 5.
LaTeX Font Info:    ... okay on input line 5.
LaTeX Font Info:    Checking defaults for OT1/cmr/m/n on input line 5.
LaTeX Font Info:    ... okay on input line 5.
LaTeX Font Info:    Checking defaults for OMS/cmsy/m/n on input line 5.
LaTeX Font Info:    ... okay on input line 5.
LaTeX Font Info:    Checking defaults for OMX/cmex/m/n on input line 5.
LaTeX Font Info:    ... okay on input line 5.
LaTeX Font Info:    Checking defaults for U/cmr/m/n on input line 5.
LaTeX Font Info:    ... okay on input line 5.
LaTeX Font Info:    Try loading font information for OMS+cmr on input line 10.

("C:\Program Files\Miktek\tex\latex\base\omscmr.fd"
File: omscmr.fd 1999/05/25 v2.5h Standard LaTeX font definitions
)
LaTeX Font Info:    Font shape `OMS/cmr/m/n' in size <12> not available
(Font)              Font shape `OMS/cmsy/m/n' tried instead on input line 10.

Overfull \hbox (53.0999pt too wide) in paragraph at lines 15--15
 []\OT1/cmtt/m/n/12 shiny::runGitHub("shiny-examples", "rstudio", subdir = "001
-hello")[] 
 []

LaTeX Font Info:    Font shape `OT1/cmtt/bx/n' in size <14.4> not available
(Font)              Font shape `OT1/cmtt/m/n' tried instead on input line 26.

Underfull \hbox (badness 10000) in paragraph at lines 35--37

 []


Overfull \hbox (33.30203pt too wide) in paragraph at lines 38--40
\OT1/cmr/m/n/12 Notice that the re-ac-tive ex-pres-sion de-pends on the in-put 
ex-pres-sion \OT1/cmtt/m/n/12 input$dataset\OT1/cmr/m/n/12 ,
 []


Overfull \hbox (34.2306pt too wide) in paragraph at lines 38--40
\OT1/cmr/m/n/12 and that it's used by both the out-put ex-pres-sion \OT1/cmtt/m
/n/12 output$summary \OT1/cmr/m/n/12 and \OT1/cmtt/m/n/12 output$view\OT1/cmr/m
/n/12 . 
 []


Underfull \hbox (badness 10000) in paragraph at lines 38--40

 []

[1

{C:/Documents and Settings/kevin.obrien/Local Settings/Application Data/MiKTeX/
2.8/pdftex/config/pdftex.map}]
Underfull \hbox (badness 10000) in paragraph at lines 41--43

 []

[2]
Overfull \hbox (11.70775pt too wide) in paragraph at lines 51--52
[]\OT1/cmr/m/n/12 : The \OT1/cmtt/m/n/12 mpgData \OT1/cmr/m/n/12 vari-able is d
e-clared out-side the \OT1/cmtt/m/n/12 shinyServer
 []


Overfull \hbox (1.01404pt too wide) in paragraph at lines 72--73
[]\OT1/cmr/m/n/12 Change the num-ber of ob-ser-va-tions, and ob-serve that only
 \OT1/cmtt/m/n/12 output$plot
 []

[3] [4] ("F:\SHINY WORKSHOP 2014\List of Shiny Examples.aux") ) 
Here is how much of TeX's memory you used:
 274 strings out of 495285
 3386 string characters out of 3180663
 50664 words of memory out of 3000000
 3546 multiletter control sequences out of 15000+200000
 6398 words of font info for 24 fonts, out of 3000000 for 9000
 14 hyphenation exceptions out of 8191
 22i,5n,20p,349b,188s stack positions out of 5000i,500n,10000p,200000b,50000s
<C:/Program File
s/Miktek/fonts/type1/public/amsfonts/cm/cmbx12.pfb><C:/Program Files/Miktek/fon
ts/type1/public/amsfonts/cm/cmr12.pfb><C:/Program Files/Miktek/fonts/type1/publ
ic/amsfonts/cm/cmsy10.pfb><C:/Program Files/Miktek/fonts/type1/public/amsfonts/
cm/cmti12.pfb><C:/Program Files/Miktek/fonts/type1/public/amsfonts/cm/cmtt12.pf
b>
Output written on "List of Shiny Examples.pdf" (4 pages, 74984 bytes).
PDF statistics:
 35 PDF objects out of 1000 (max. 8388607)
 0 named destinations out of 1000 (max. 500000)
 1 words of extra memory for PDF output out of 10000 (max. 10000000)

